2025-11-30T04:31:56.536Z - API key not valid. Please pass a valid API key.
AI_APICallError: API key not valid. Please pass a valid API key.
    at C:\jisanbot-master\.next\dev\server\chunks\node_modules_9f77aa4a._.js:1445:24
    at process.processTicksAndRejections (node:internal/process/task_queues:105:5)
    at async postToApi (C:\jisanbot-master\.next\dev\server\chunks\node_modules_9f77aa4a._.js:1319:36)
    at async GoogleGenerativeAILanguageModel.doGenerate (C:\jisanbot-master\.next\dev\server\chunks\node_modules_9f77aa4a._.js:3811:77)
    at async fn (C:\jisanbot-master\.next\dev\server\chunks\node_modules_ai_dist_index_mjs_b0116780._.js:2315:48)
    at async C:\jisanbot-master\.next\dev\server\chunks\node_modules_ai_dist_index_mjs_b0116780._.js:1672:28
    at async _retryWithExponentialBackoff (C:\jisanbot-master\.next\dev\server\chunks\node_modules_ai_dist_index_mjs_b0116780._.js:1803:16)
    at async fn (C:\jisanbot-master\.next\dev\server\chunks\node_modules_ai_dist_index_mjs_b0116780._.js:2274:44)
    at async C:\jisanbot-master\.next\dev\server\chunks\node_modules_ai_dist_index_mjs_b0116780._.js:1672:28
    at async generateText (C:\jisanbot-master\.next\dev\server\chunks\node_modules_ai_dist_index_mjs_b0116780._.js:2217:16)
    at async POST (C:\jisanbot-master\.next\dev\server\chunks\[root-of-the-server]__d68068c6._.js:468:30)
    at async AppRouteRouteModule.do (C:\jisanbot-master\node_modules\next\dist\compiled\next-server\app-route-turbo.runtime.dev.js:5:37789)
    at async AppRouteRouteModule.handle (C:\jisanbot-master\node_modules\next\dist\compiled\next-server\app-route-turbo.runtime.dev.js:5:45045)
    at async responseGenerator (C:\jisanbot-master\.next\dev\server\chunks\node_modules_next_8b1c6d61._.js:11470:38)
    at async AppRouteRouteModule.handleResponse (C:\jisanbot-master\node_modules\next\dist\compiled\next-server\app-route-turbo.runtime.dev.js:1:187851)
    at async handleResponse (C:\jisanbot-master\.next\dev\server\chunks\node_modules_next_8b1c6d61._.js:11532:32)
    at async handler (C:\jisanbot-master\.next\dev\server\chunks\node_modules_next_8b1c6d61._.js:11585:13)
    at async DevServer.renderToResponseWithComponentsImpl (C:\jisanbot-master\node_modules\next\dist\server\base-server.js:1413:9)
    at async DevServer.renderPageComponent (C:\jisanbot-master\node_modules\next\dist\server\base-server.js:1465:24)
    at async DevServer.renderToResponseImpl (C:\jisanbot-master\node_modules\next\dist\server\base-server.js:1515:32)
    at async DevServer.pipeImpl (C:\jisanbot-master\node_modules\next\dist\server\base-server.js:1021:25)
    at async NextNodeServer.handleCatchallRenderRequest (C:\jisanbot-master\node_modules\next\dist\server\next-server.js:394:17)
    at async DevServer.handleRequestImpl (C:\jisanbot-master\node_modules\next\dist\server\base-server.js:912:17)
    at async C:\jisanbot-master\node_modules\next\dist\server\dev\next-dev-server.js:382:20
    at async Span.traceAsyncFn (C:\jisanbot-master\node_modules\next\dist\trace\trace.js:157:20)
    at async DevServer.handleRequest (C:\jisanbot-master\node_modules\next\dist\server\dev\next-dev-server.js:378:24)
    at async invokeRender (C:\jisanbot-master\node_modules\next\dist\server\lib\router-server.js:240:21)
    at async handleRequest (C:\jisanbot-master\node_modules\next\dist\server\lib\router-server.js:436:24)
    at async requestHandlerImpl (C:\jisanbot-master\node_modules\next\dist\server\lib\router-server.js:484:13)
    at async Server.requestListener (C:\jisanbot-master\node_modules\next\dist\server\lib\start-server.js:226:13)

